27:01:2023 07:41:39|/backend_labs2/index.php?id=log|http://localhost/backend_labs2/index.php?id=log
27:01:2023 07:41:40|/backend_labs2/index.php?id=log|http://localhost/backend_labs2/index.php?id=log
27:01:2023 07:43:53|/backend_labs2/index.php?id=log|http://localhost/backend_labs2/index.php?id=log
27:01:2023 07:43:54|/backend_labs2/index.php?id=log|http://localhost/backend_labs2/index.php?id=log
27:01:2023 07:43:55|/backend_labs2/index.php|http://localhost/backend_labs2/index.php?id=log
27:01:2023 07:43:55|/backend_labs2/index.php?id=contact|http://localhost/backend_labs2/index.php
27:01:2023 07:43:56|/backend_labs2/index.php?id=about|http://localhost/backend_labs2/index.php?id=contact
27:01:2023 07:43:56|/backend_labs2/index.php?id=info|http://localhost/backend_labs2/index.php?id=about
27:01:2023 07:43:57|/backend_labs2/index.php?id=gbook|http://localhost/backend_labs2/index.php?id=info
27:01:2023 07:43:57|/backend_labs2/index.php?id=log|http://localhost/backend_labs2/index.php?id=gbook
27:01:2023 07:44:04|/backend_labs2/index.php?id=gbook|http://localhost/backend_labs2/index.php?id=log
27:01:2023 07:44:07|/backend_labs2/index.php?id=log|http://localhost/backend_labs2/index.php?id=gbook
07:02:2023 16:48:58|/site/backend_labs2/|http://localhost/site/
07:02:2023 16:49:07|/site/backend_labs2/index.php?id=info|http://localhost/site/backend_labs2/
07:02:2023 16:49:08|/site/backend_labs2/index.php?id=gbook|http://localhost/site/backend_labs2/index.php?id=info
07:02:2023 16:49:18|/site/backend_labs2/index.php?id=gbook|http://localhost/site/backend_labs2/index.php?id=info
07:02:2023 16:53:55|/site/backend_labs2/index.php?id=gbook|http://localhost/site/backend_labs2/index.php?id=info
07:02:2023 16:54:49|/site/backend_labs2/index.php?id=gbook|http://localhost/site/backend_labs2/index.php?id=info
07:02:2023 16:55:04|/site/backend_labs2/index.php?id=gbook|http://localhost/site/backend_labs2/index.php?id=info
07:02:2023 16:55:08|/site/backend_labs2/index.php?id=gbook|http://localhost/site/backend_labs2/index.php?id=info
07:02:2023 16:55:24|/site/backend_labs2/index.php?id=gbook|http://localhost/site/backend_labs2/index.php?id=info
07:02:2023 16:55:34|/site/backend_labs2/index.php?id=gbook|http://localhost/site/backend_labs2/index.php?id=info
07:02:2023 16:55:57|/site/backend_labs2/index.php?id=gbook|http://localhost/site/backend_labs2/index.php?id=info
07:02:2023 16:56:11|/site/backend_labs2/index.php?id=contact|http://localhost/site/backend_labs2/index.php?id=gbook
07:02:2023 16:56:12|/site/backend_labs2/index.php?id=gbook|http://localhost/site/backend_labs2/index.php?id=contact
07:02:2023 16:56:18|/site/backend_labs2/index.php?id=gbook|http://localhost/site/backend_labs2/index.php?id=contact
07:02:2023 16:56:40|/site/backend_labs2/index.php?id=gbook|http://localhost/site/backend_labs2/index.php?id=contact
07:02:2023 16:57:41|/site/backend_labs2/index.php?id=gbook|http://localhost/site/backend_labs2/index.php?id=contact
07:02:2023 16:57:57|/site/backend_labs2/index.php?id=gbook|http://localhost/site/backend_labs2/index.php?id=contact
07:02:2023 16:58:00|/site/backend_labs2/index.php?id=gbook|http://localhost/site/backend_labs2/index.php?id=contact
07:02:2023 16:58:40|/site/backend_labs2/index.php?id=gbook|http://localhost/site/backend_labs2/index.php?id=gbook
07:02:2023 16:59:17|/site/backend_labs2/index.php?id=gbook|http://localhost/site/backend_labs2/index.php?id=gbook
07:02:2023 17:06:01|/site/backend_labs2/index.php?id=gbook|http://localhost/site/backend_labs2/index.php?id=gbook
07:02:2023 17:06:26|/site/backend_labs2/index.php?id=gbook|http://localhost/site/backend_labs2/index.php?id=gbook
07:02:2023 17:07:33|/site/backend_labs2/index.php?id=gbook|http://localhost/site/backend_labs2/index.php?id=gbook
07:02:2023 17:08:54|/site/backend_labs2/index.php?id=gbook|http://localhost/site/backend_labs2/index.php?id=gbook
07:02:2023 17:09:32|/site/backend_labs2/index.php?id=gbook|http://localhost/site/backend_labs2/index.php?id=gbook
07:02:2023 17:09:43|/site/backend_labs2/index.php?id=gbook|http://localhost/site/backend_labs2/index.php?id=gbook
07:02:2023 17:10:08|/site/backend_labs2/index.php?id=gbook|http://localhost/site/backend_labs2/index.php?id=gbook
07:02:2023 17:21:09|/site/backend_labs2/index.php?id=gbook|http://localhost/site/backend_labs2/index.php?id=gbook
07:02:2023 17:28:42|/site/backend_labs2/index.php?id=gbook|
07:02:2023 17:28:49|/site/backend_labs2/index.php?id=gbook|
07:02:2023 17:29:17|/site/backend_labs2/index.php?id=gbook|http://localhost/site/backend_labs2/index.php?id=gbook
07:02:2023 17:29:19|/site/backend_labs2/index.php?id=gbook|http://localhost/site/backend_labs2/index.php?id=gbook
07:02:2023 17:29:19|/site/backend_labs2/index.php?id=gbook|http://localhost/site/backend_labs2/index.php?id=gbook
07:02:2023 17:29:19|/site/backend_labs2/index.php?id=gbook|http://localhost/site/backend_labs2/index.php?id=gbook
07:02:2023 17:29:19|/site/backend_labs2/index.php?id=gbook|http://localhost/site/backend_labs2/index.php?id=gbook
07:02:2023 17:29:19|/site/backend_labs2/index.php?id=gbook|http://localhost/site/backend_labs2/index.php?id=gbook
07:02:2023 17:29:19|/site/backend_labs2/index.php?id=gbook|http://localhost/site/backend_labs2/index.php?id=gbook
07:02:2023 17:29:19|/site/backend_labs2/index.php?id=gbook|http://localhost/site/backend_labs2/index.php?id=gbook
07:02:2023 17:29:19|/site/backend_labs2/index.php?id=gbook|http://localhost/site/backend_labs2/index.php?id=gbook
07:02:2023 17:29:19|/site/backend_labs2/index.php?id=gbook|http://localhost/site/backend_labs2/index.php?id=gbook
07:02:2023 17:29:19|/site/backend_labs2/index.php?id=gbook|http://localhost/site/backend_labs2/index.php?id=gbook
07:02:2023 17:29:19|/site/backend_labs2/index.php?id=gbook|http://localhost/site/backend_labs2/index.php?id=gbook
07:02:2023 17:29:19|/site/backend_labs2/index.php?id=gbook|http://localhost/site/backend_labs2/index.php?id=gbook
07:02:2023 17:29:19|/site/backend_labs2/index.php?id=gbook|http://localhost/site/backend_labs2/index.php?id=gbook
07:02:2023 17:29:19|/site/backend_labs2/index.php?id=gbook|http://localhost/site/backend_labs2/index.php?id=gbook
07:02:2023 17:29:19|/site/backend_labs2/index.php?id=gbook|http://localhost/site/backend_labs2/index.php?id=gbook
07:02:2023 17:29:19|/site/backend_labs2/index.php?id=gbook|http://localhost/site/backend_labs2/index.php?id=gbook
07:02:2023 17:29:19|/site/backend_labs2/index.php?id=gbook|http://localhost/site/backend_labs2/index.php?id=gbook
07:02:2023 17:29:19|/site/backend_labs2/index.php?id=gbook|http://localhost/site/backend_labs2/index.php?id=gbook
07:02:2023 17:29:19|/site/backend_labs2/index.php?id=gbook|http://localhost/site/backend_labs2/index.php?id=gbook
07:02:2023 17:29:21|/site/backend_labs2/index.php?id=gbook|http://localhost/site/backend_labs2/index.php?id=gbook
07:02:2023 17:29:21|/site/backend_labs2/index.php?id=gbook|http://localhost/site/backend_labs2/index.php?id=gbook
07:02:2023 17:29:21|/site/backend_labs2/index.php?id=gbook|http://localhost/site/backend_labs2/index.php?id=gbook
07:02:2023 17:29:21|/site/backend_labs2/index.php?id=gbook|http://localhost/site/backend_labs2/index.php?id=gbook
07:02:2023 17:29:21|/site/backend_labs2/index.php?id=gbook|http://localhost/site/backend_labs2/index.php?id=gbook
07:02:2023 17:29:21|/site/backend_labs2/index.php?id=gbook|http://localhost/site/backend_labs2/index.php?id=gbook
07:02:2023 17:29:21|/site/backend_labs2/index.php?id=gbook|http://localhost/site/backend_labs2/index.php?id=gbook
07:02:2023 17:29:21|/site/backend_labs2/index.php?id=gbook|http://localhost/site/backend_labs2/index.php?id=gbook
07:02:2023 17:29:21|/site/backend_labs2/index.php?id=gbook|http://localhost/site/backend_labs2/index.php?id=gbook
07:02:2023 17:29:21|/site/backend_labs2/index.php?id=gbook|http://localhost/site/backend_labs2/index.php?id=gbook
07:02:2023 17:29:21|/site/backend_labs2/index.php?id=gbook|http://localhost/site/backend_labs2/index.php?id=gbook
07:02:2023 17:29:21|/site/backend_labs2/index.php?id=gbook|http://localhost/site/backend_labs2/index.php?id=gbook
07:02:2023 17:29:21|/site/backend_labs2/index.php?id=gbook|http://localhost/site/backend_labs2/index.php?id=gbook
07:02:2023 17:29:21|/site/backend_labs2/index.php?id=gbook|http://localhost/site/backend_labs2/index.php?id=gbook
07:02:2023 17:29:21|/site/backend_labs2/index.php?id=gbook|http://localhost/site/backend_labs2/index.php?id=gbook
07:02:2023 17:29:21|/site/backend_labs2/index.php?id=gbook|http://localhost/site/backend_labs2/index.php?id=gbook
07:02:2023 17:29:21|/site/backend_labs2/index.php?id=gbook|http://localhost/site/backend_labs2/index.php?id=gbook
07:02:2023 17:29:21|/site/backend_labs2/index.php?id=gbook|http://localhost/site/backend_labs2/index.php?id=gbook
07:02:2023 17:29:21|/site/backend_labs2/index.php?id=gbook|http://localhost/site/backend_labs2/index.php?id=gbook
07:02:2023 17:29:21|/site/backend_labs2/index.php?id=gbook|http://localhost/site/backend_labs2/index.php?id=gbook
07:02:2023 17:29:22|/site/backend_labs2/index.php?id=gbook|http://localhost/site/backend_labs2/index.php?id=gbook
07:02:2023 17:29:22|/site/backend_labs2/index.php?id=gbook|http://localhost/site/backend_labs2/index.php?id=gbook
07:02:2023 17:29:22|/site/backend_labs2/index.php?id=gbook|http://localhost/site/backend_labs2/index.php?id=gbook
07:02:2023 17:29:22|/site/backend_labs2/index.php?id=gbook|http://localhost/site/backend_labs2/index.php?id=gbook
07:02:2023 17:29:22|/site/backend_labs2/index.php?id=gbook|http://localhost/site/backend_labs2/index.php?id=gbook
07:02:2023 17:29:22|/site/backend_labs2/index.php?id=gbook|http://localhost/site/backend_labs2/index.php?id=gbook
07:02:2023 17:29:22|/site/backend_labs2/index.php?id=gbook|http://localhost/site/backend_labs2/index.php?id=gbook
07:02:2023 17:29:22|/site/backend_labs2/index.php?id=gbook|http://localhost/site/backend_labs2/index.php?id=gbook
07:02:2023 17:29:22|/site/backend_labs2/index.php?id=gbook|http://localhost/site/backend_labs2/index.php?id=gbook
07:02:2023 17:29:22|/site/backend_labs2/index.php?id=gbook|http://localhost/site/backend_labs2/index.php?id=gbook
07:02:2023 17:29:22|/site/backend_labs2/index.php?id=gbook|http://localhost/site/backend_labs2/index.php?id=gbook
07:02:2023 17:29:22|/site/backend_labs2/index.php?id=gbook|http://localhost/site/backend_labs2/index.php?id=gbook
07:02:2023 17:29:22|/site/backend_labs2/index.php?id=gbook|http://localhost/site/backend_labs2/index.php?id=gbook
07:02:2023 17:29:22|/site/backend_labs2/index.php?id=gbook|http://localhost/site/backend_labs2/index.php?id=gbook
07:02:2023 17:29:22|/site/backend_labs2/index.php?id=gbook|http://localhost/site/backend_labs2/index.php?id=gbook
07:02:2023 17:29:22|/site/backend_labs2/index.php?id=gbook|http://localhost/site/backend_labs2/index.php?id=gbook
07:02:2023 17:29:22|/site/backend_labs2/index.php?id=gbook|http://localhost/site/backend_labs2/index.php?id=gbook
07:02:2023 17:29:22|/site/backend_labs2/index.php?id=gbook|http://localhost/site/backend_labs2/index.php?id=gbook
07:02:2023 17:29:22|/site/backend_labs2/index.php?id=gbook|http://localhost/site/backend_labs2/index.php?id=gbook
07:02:2023 17:29:22|/site/backend_labs2/index.php?id=gbook|http://localhost/site/backend_labs2/index.php?id=gbook
07:02:2023 17:29:27|/site/backend_labs2/index.php?id=gbook|http://localhost/site/backend_labs2/index.php?id=gbook
07:02:2023 17:29:28|/site/backend_labs2/index.php?id=gbook|http://localhost/site/backend_labs2/index.php?id=gbook
07:02:2023 17:29:28|/site/backend_labs2/index.php?id=gbook|http://localhost/site/backend_labs2/index.php?id=gbook
07:02:2023 17:29:28|/site/backend_labs2/index.php?id=gbook|http://localhost/site/backend_labs2/index.php?id=gbook
07:02:2023 17:29:28|/site/backend_labs2/index.php?id=gbook|http://localhost/site/backend_labs2/index.php?id=gbook
07:02:2023 17:29:28|/site/backend_labs2/index.php?id=gbook|http://localhost/site/backend_labs2/index.php?id=gbook
07:02:2023 17:29:28|/site/backend_labs2/index.php?id=gbook|http://localhost/site/backend_labs2/index.php?id=gbook
07:02:2023 17:29:28|/site/backend_labs2/index.php?id=gbook|http://localhost/site/backend_labs2/index.php?id=gbook
07:02:2023 17:29:28|/site/backend_labs2/index.php?id=gbook|http://localhost/site/backend_labs2/index.php?id=gbook
07:02:2023 17:29:28|/site/backend_labs2/index.php?id=gbook|http://localhost/site/backend_labs2/index.php?id=gbook
07:02:2023 17:29:28|/site/backend_labs2/index.php?id=gbook|http://localhost/site/backend_labs2/index.php?id=gbook
07:02:2023 17:29:28|/site/backend_labs2/index.php?id=gbook|http://localhost/site/backend_labs2/index.php?id=gbook
07:02:2023 17:29:28|/site/backend_labs2/index.php?id=gbook|http://localhost/site/backend_labs2/index.php?id=gbook
07:02:2023 17:29:28|/site/backend_labs2/index.php?id=gbook|http://localhost/site/backend_labs2/index.php?id=gbook
07:02:2023 17:29:28|/site/backend_labs2/index.php?id=gbook|http://localhost/site/backend_labs2/index.php?id=gbook
07:02:2023 17:29:28|/site/backend_labs2/index.php?id=gbook|http://localhost/site/backend_labs2/index.php?id=gbook
07:02:2023 17:29:28|/site/backend_labs2/index.php?id=gbook|http://localhost/site/backend_labs2/index.php?id=gbook
07:02:2023 17:29:28|/site/backend_labs2/index.php?id=gbook|http://localhost/site/backend_labs2/index.php?id=gbook
07:02:2023 17:29:28|/site/backend_labs2/index.php?id=gbook|http://localhost/site/backend_labs2/index.php?id=gbook
07:02:2023 17:29:28|/site/backend_labs2/index.php?id=gbook|http://localhost/site/backend_labs2/index.php?id=gbook
07:02:2023 17:29:29|/site/backend_labs2/index.php?id=gbook|http://localhost/site/backend_labs2/index.php?id=gbook
07:02:2023 17:29:37|/site/backend_labs2/index.php?id=gbook|http://localhost/site/backend_labs2/index.php?id=gbook
07:02:2023 17:29:37|/site/backend_labs2/index.php?id=gbook|http://localhost/site/backend_labs2/index.php?id=gbook
07:02:2023 17:31:01|/siteb2/|
07:02:2023 17:31:03|/siteb2/index.php?id=gbook|http://localhost/siteb2/
07:02:2023 17:31:26|/siteb2/index.php?id=gbook|http://localhost/siteb2/index.php?id=gbook
07:02:2023 17:31:30|/siteb2/index.php?id=gbook&del=gbook|http://localhost/siteb2/index.php?id=gbook
07:02:2023 17:32:34|/siteb2/index.php?id=gbook&del=gbook|http://localhost/siteb2/index.php?id=gbook
07:02:2023 17:33:42|/siteb2/index.php?id=gbook&del=gbook|http://localhost/siteb2/index.php?id=gbook
07:02:2023 17:33:48|/siteb2/index.php?id=gbook&del=gbook|http://localhost/siteb2/index.php?id=gbook&del=gbook
07:02:2023 17:33:52|/siteb2/index.php?id=gbook&del=gbook|http://localhost/siteb2/index.php?id=gbook&del=gbook
07:02:2023 17:33:57|/siteb2/index.php?id=gbook&del=gbook|http://localhost/siteb2/index.php?id=gbook&del=gbook
07:02:2023 17:34:00|/siteb2/index.php?id=gbook&del=gbook|http://localhost/siteb2/index.php?id=gbook&del=gbook
07:02:2023 17:35:07|/siteb2/index.php?id=gbook&del=gbook|http://localhost/siteb2/index.php?id=gbook&del=gbook
07:02:2023 17:35:50|/siteb2/index.php?id=gbook&del=gbook|http://localhost/siteb2/index.php?id=gbook&del=gbook
07:02:2023 17:35:54|/siteb2/index.php?id=gbook&del=gbook|http://localhost/siteb2/index.php?id=gbook&del=gbook
07:02:2023 17:36:03|/siteb2/index.php?id=gbook&del=gbook|http://localhost/siteb2/index.php?id=gbook&del=gbook
07:02:2023 17:36:06|/siteb2/index.php?id=gbook&del=gbook|http://localhost/siteb2/index.php?id=gbook&del=gbook
07:02:2023 17:36:40|/siteb2/index.php?id=gbook&del=gbook|http://localhost/siteb2/index.php?id=gbook&del=gbook
07:02:2023 17:36:42|/siteb2/index.php?id=gbook&del=gbook|http://localhost/siteb2/index.php?id=gbook&del=gbook
07:02:2023 17:36:44|/siteb2/index.php?id=gbook&del=gbook|http://localhost/siteb2/index.php?id=gbook&del=gbook
07:02:2023 17:36:46|/siteb2/index.php?id=gbook&del=gbook|http://localhost/siteb2/index.php?id=gbook&del=gbook
07:02:2023 17:36:48|/siteb2/index.php?id=gbook|
07:02:2023 17:36:52|/siteb2/index.php|http://localhost/siteb2/index.php?id=gbook
07:02:2023 17:36:53|/siteb2/index.php?id=gbook|http://localhost/siteb2/index.php
07:02:2023 17:36:55|/siteb2/index.php|http://localhost/siteb2/index.php
07:02:2023 17:36:57|/siteb2/index.php?id=gbook|http://localhost/siteb2/index.php
07:02:2023 17:36:59|/siteb2/index.php|http://localhost/siteb2/index.php
07:02:2023 17:37:00|/siteb2/index.php?id=info|http://localhost/siteb2/index.php
07:02:2023 17:37:01|/siteb2/index.php?id=gbook|http://localhost/siteb2/index.php?id=info
07:02:2023 17:37:03|/siteb2/index.php?id=info|http://localhost/siteb2/index.php?id=info
07:02:2023 17:37:43|/siteb2/index.php?id=gbook|http://localhost/siteb2/index.php?id=info
07:02:2023 17:37:45|/siteb2/index.php?id=info|http://localhost/siteb2/index.php?id=info
07:02:2023 17:37:47|/siteb2/index.php?id=gbook|http://localhost/siteb2/index.php?id=info
07:02:2023 17:37:49|/siteb2/index.php?id=info|http://localhost/siteb2/index.php?id=info
07:02:2023 18:04:51|/siteb2/index.php?id=info|http://localhost/siteb2/index.php?id=info
07:02:2023 18:05:17|/siteb2/index.php?id=gbook|http://localhost/siteb2/index.php?id=info
07:02:2023 18:05:20|/siteb2/index.php?id=info|http://localhost/siteb2/index.php?id=info
07:02:2023 18:05:23|/siteb2/index.php?id=gbook|http://localhost/siteb2/index.php?id=info
07:02:2023 18:05:25|/siteb2/index.php?id=info|http://localhost/siteb2/index.php?id=info
07:02:2023 18:05:31|/siteb2/index.php?id=gbook|http://localhost/siteb2/index.php?id=info
07:02:2023 18:17:31|/siteb2/index.php?id=gbook&del=1|http://localhost/siteb2/index.php?id=gbook
07:02:2023 18:17:44|/siteb2/index.php?id=gbook&del=1|http://localhost/siteb2/index.php?id=gbook&del=1
07:02:2023 18:21:32|/siteb2/index.php?id=gbook&del=1|http://localhost/siteb2/index.php?id=gbook&del=1
07:02:2023 18:25:04|/siteb2/index.php?id=gbook&del=1|http://localhost/siteb2/index.php?id=gbook&del=1
07:02:2023 18:25:21|/siteb2/index.php?id=gbook|
07:02:2023 18:25:46|/siteb2/index.php?id=gbook|http://localhost/siteb2/index.php?id=info
07:02:2023 18:28:22|/siteb2/index.php?id=gbook|http://localhost/siteb2/index.php?id=info
07:02:2023 18:28:57|/siteb2/index.php?id=gbook|http://localhost/siteb2/index.php?id=info
07:02:2023 18:29:07|/siteb2/index.php?id=gbook|http://localhost/siteb2/index.php?id=info
07:02:2023 18:29:42|/siteb2/index.php?id=gbook|http://localhost/siteb2/index.php?id=info
07:02:2023 18:29:49|/siteb2/index.php?id=gbook&del=17|http://localhost/siteb2/index.php?id=gbook
07:02:2023 18:30:34|/siteb2/index.php?id=gbook&del=17|http://localhost/siteb2/index.php?id=gbook
07:02:2023 18:44:49|/siteb2/index.php?id=gbook&del=17|http://localhost/siteb2/index.php?id=gbook
07:02:2023 18:46:25|/siteb2/index.php?id=gbook&del=17|http://localhost/siteb2/index.php?id=gbook
07:02:2023 18:46:30|/siteb2/index.php?id=gbook&del=17|http://localhost/siteb2/index.php?id=gbook
07:02:2023 18:46:32|/siteb2/index.php?id=gbook|http://localhost/siteb2/index.php?id=gbook
07:02:2023 18:46:36|/siteb2/index.php?id=gbook&del=17|http://localhost/siteb2/index.php?id=gbook
07:02:2023 18:46:38|/siteb2/index.php?id=gbook|http://localhost/siteb2/index.php?id=gbook
07:02:2023 18:46:46|/siteb2/index.php?id=gbook&del=17|http://localhost/siteb2/index.php?id=gbook
07:02:2023 18:46:46|/siteb2/index.php?id=gbook&del=17|http://localhost/siteb2/index.php?id=gbook
07:02:2023 18:46:48|/siteb2/index.php?id=gbook|http://localhost/siteb2/index.php?id=gbook
07:02:2023 18:47:33|/siteb2/index.php?id=gbook|http://localhost/siteb2/index.php?id=gbook
07:02:2023 18:47:37|/siteb2/index.php?id=gbook&del=17|http://localhost/siteb2/index.php?id=gbook
07:02:2023 18:47:39|/siteb2/index.php?id=gbook|http://localhost/siteb2/index.php?id=gbook
07:02:2023 18:48:05|/siteb2/index.php?id=gbook&del=16|http://localhost/siteb2/index.php?id=gbook
07:02:2023 18:48:07|/siteb2/index.php?id=gbook|http://localhost/siteb2/index.php?id=gbook
07:02:2023 18:50:50|/siteb2/index.php?id=gbook|http://localhost/siteb2/index.php?id=gbook
07:02:2023 18:50:56|/siteb2/index.php?id=gbook&del=17|http://localhost/siteb2/index.php?id=gbook
07:02:2023 18:50:58|/siteb2/index.php?id=gbook|http://localhost/siteb2/index.php?id=gbook
07:02:2023 18:51:02|/siteb2/index.php?id=gbook&del=16|http://localhost/siteb2/index.php?id=gbook
07:02:2023 18:51:04|/siteb2/index.php?id=gbook|http://localhost/siteb2/index.php?id=gbook
07:02:2023 18:51:11|/siteb2/index.php?id=gbook&del=15|http://localhost/siteb2/index.php?id=gbook
07:02:2023 18:51:13|/siteb2/index.php?id=gbook|http://localhost/siteb2/index.php?id=gbook
07:02:2023 18:51:17|/siteb2/index.php?id=gbook&del=14|http://localhost/siteb2/index.php?id=gbook
07:02:2023 18:51:19|/siteb2/index.php?id=gbook|http://localhost/siteb2/index.php?id=gbook
07:02:2023 18:51:31|/siteb2/index.php?id=gbook|http://localhost/siteb2/index.php?id=gbook
07:02:2023 18:51:34|/siteb2/index.php?id=gbook&del=13|http://localhost/siteb2/index.php?id=gbook
07:02:2023 18:51:36|/siteb2/index.php?id=gbook|http://localhost/siteb2/index.php?id=gbook
07:02:2023 18:51:39|/siteb2/index.php?id=gbook&del=12|http://localhost/siteb2/index.php?id=gbook
07:02:2023 18:51:41|/siteb2/index.php?id=gbook|http://localhost/siteb2/index.php?id=gbook
07:02:2023 18:53:42|/siteb2/index.php?id=gbook&del=11|http://localhost/siteb2/index.php?id=gbook
07:02:2023 18:53:44|/siteb2/index.php?id=gbook|http://localhost/siteb2/index.php?id=gbook
07:02:2023 18:53:46|/siteb2/index.php?id=gbook&del=11|http://localhost/siteb2/index.php?id=gbook
07:02:2023 18:53:48|/siteb2/index.php?id=gbook|http://localhost/siteb2/index.php?id=gbook
07:02:2023 18:53:52|/siteb2/index.php?id=gbook&del=10|http://localhost/siteb2/index.php?id=gbook
07:02:2023 18:53:54|/siteb2/index.php?id=gbook|http://localhost/siteb2/index.php?id=gbook
07:02:2023 18:53:59|/siteb2/index.php?id=gbook&del=1|http://localhost/siteb2/index.php?id=gbook
07:02:2023 18:54:02|/siteb2/index.php?id=gbook|http://localhost/siteb2/index.php?id=gbook
07:02:2023 18:56:16|/siteb2/index.php?id=gbook&del=9|http://localhost/siteb2/index.php?id=gbook
07:02:2023 18:56:18|/siteb2/index.php?id=gbook|http://localhost/siteb2/index.php?id=gbook
07:02:2023 18:56:21|/siteb2/index.php?id=gbook&del=8|http://localhost/siteb2/index.php?id=gbook
07:02:2023 18:56:23|/siteb2/index.php?id=gbook|http://localhost/siteb2/index.php?id=gbook
07:02:2023 18:56:24|/siteb2/index.php?id=gbook&del=8|http://localhost/siteb2/index.php?id=gbook
07:02:2023 18:56:26|/siteb2/index.php?id=gbook&del=2|http://localhost/siteb2/index.php?id=gbook
07:02:2023 18:56:28|/siteb2/index.php?id=gbook|http://localhost/siteb2/index.php?id=gbook
07:02:2023 18:56:48|/siteb2/index.php?id=gbook&del=3|http://localhost/siteb2/index.php?id=gbook
07:02:2023 18:56:50|/siteb2/index.php?id=gbook|http://localhost/siteb2/index.php?id=gbook
07:02:2023 18:56:52|/siteb2/index.php?id=gbook&del=7|http://localhost/siteb2/index.php?id=gbook
07:02:2023 18:56:54|/siteb2/index.php?id=gbook|http://localhost/siteb2/index.php?id=gbook
07:02:2023 18:56:56|/siteb2/index.php?id=gbook&del=7|http://localhost/siteb2/index.php?id=gbook
07:02:2023 18:56:58|/siteb2/index.php?id=gbook|http://localhost/siteb2/index.php?id=gbook
07:02:2023 18:56:58|/siteb2/index.php?id=gbook&del=7|http://localhost/siteb2/index.php?id=gbook
07:02:2023 18:57:00|/siteb2/index.php?id=gbook|http://localhost/siteb2/index.php?id=gbook
07:02:2023 18:57:03|/siteb2/index.php?id=gbook&del=5|http://localhost/siteb2/index.php?id=gbook
07:02:2023 18:57:06|/siteb2/index.php?id=gbook|http://localhost/siteb2/index.php?id=gbook
07:02:2023 18:57:10|/siteb2/index.php?id=gbook&del=6|http://localhost/siteb2/index.php?id=gbook
07:02:2023 18:57:12|/siteb2/index.php?id=gbook|http://localhost/siteb2/index.php?id=gbook
07:02:2023 18:57:15|/siteb2/index.php?id=gbook&del=4|http://localhost/siteb2/index.php?id=gbook
07:02:2023 18:57:17|/siteb2/index.php?id=gbook|http://localhost/siteb2/index.php?id=gbook
07:02:2023 18:57:19|/siteb2/index.php|http://localhost/siteb2/index.php?id=gbook
07:02:2023 18:57:20|/siteb2/index.php?id=gbook|http://localhost/siteb2/index.php
07:02:2023 19:00:19|/backend_labs2/index.php|
07:02:2023 19:00:21|/backend_labs2/index.php?id=gbook|http://localhost/backend_labs2/index.php
07:02:2023 19:00:33|/backend_labs2/index.php?id=gbook|http://localhost/backend_labs2/index.php?id=gbook
07:02:2023 19:00:37|/backend_labs2/index.php?id=gbook&del=18|http://localhost/backend_labs2/index.php?id=gbook
07:02:2023 19:00:39|/backend_labs2/index.php?id=gbook|http://localhost/backend_labs2/index.php?id=gbook
07:02:2023 19:00:43|/backend_labs2/index.php?id=log|http://localhost/backend_labs2/index.php?id=gbook
07:02:2023 19:01:50|/backend_labs2/index.php|
07:02:2023 19:01:52|/backend_labs2/index.php|
07:02:2023 19:01:53|/backend_labs2/index.php|
07:02:2023 19:01:53|/backend_labs2/index.php|
07:02:2023 19:01:54|/backend_labs2/index.php|
07:02:2023 19:01:56|/backend_labs2/index.php|http://localhost/backend_labs2/index.php
07:02:2023 19:01:57|/backend_labs2/index.php?id=contact|http://localhost/backend_labs2/index.php
07:02:2023 19:01:57|/backend_labs2/index.php?id=gbook|http://localhost/backend_labs2/index.php?id=contact
07:02:2023 19:01:59|/backend_labs2/index.php|http://localhost/backend_labs2/index.php?id=contact
07:02:2023 19:02:03|/backend_labs2/index.php|
07:02:2023 19:02:16|/backend_labs2/index.php|
07:02:2023 19:02:40|/backend_labs2/index.php|
07:02:2023 19:03:16|/backend_labs2/index.php|
07:02:2023 19:03:19|/backend_labs2/index.php|
